{"/home/daniel/CS342/Group-Project/Formula-1-Data-1/packages/server/server.js": {"path":"/home/daniel/CS342/Group-Project/Formula-1-Data-1/packages/server/server.js","statementMap":{"0":{"start":{"line":1,"column":0},"end":{"line":1,"column":27}},"1":{"start":{"line":2,"column":16},"end":{"line":2,"column":34}},"2":{"start":{"line":3,"column":13},"end":{"line":3,"column":28}},"3":{"start":{"line":4,"column":17},"end":{"line":4,"column":36}},"4":{"start":{"line":6,"column":12},"end":{"line":6,"column":21}},"5":{"start":{"line":8,"column":0},"end":{"line":8,"column":16}},"6":{"start":{"line":9,"column":0},"end":{"line":9,"column":24}},"7":{"start":{"line":11,"column":13},"end":{"line":11,"column":37}},"8":{"start":{"line":13,"column":19},"end":{"line":13,"column":49}},"9":{"start":{"line":14,"column":19},"end":{"line":14,"column":49}},"10":{"start":{"line":15,"column":23},"end":{"line":15,"column":57}},"11":{"start":{"line":17,"column":0},"end":{"line":17,"column":33}},"12":{"start":{"line":18,"column":0},"end":{"line":18,"column":33}},"13":{"start":{"line":19,"column":0},"end":{"line":19,"column":42}},"14":{"start":{"line":21,"column":20},"end":{"line":30,"column":1}},"15":{"start":{"line":22,"column":2},"end":{"line":29,"column":3}},"16":{"start":{"line":23,"column":4},"end":{"line":23,"column":50}},"17":{"start":{"line":24,"column":4},"end":{"line":24,"column":37}},"18":{"start":{"line":25,"column":4},"end":{"line":25,"column":74}},"19":{"start":{"line":25,"column":27},"end":{"line":25,"column":72}},"20":{"start":{"line":27,"column":4},"end":{"line":27,"column":54}},"21":{"start":{"line":28,"column":4},"end":{"line":28,"column":20}},"22":{"start":{"line":32,"column":0},"end":{"line":32,"column":14}}},"fnMap":{"0":{"name":"(anonymous_0)","decl":{"start":{"line":21,"column":20},"end":{"line":21,"column":21}},"loc":{"start":{"line":21,"column":32},"end":{"line":30,"column":1}},"line":21},"1":{"name":"(anonymous_1)","decl":{"start":{"line":25,"column":21},"end":{"line":25,"column":22}},"loc":{"start":{"line":25,"column":27},"end":{"line":25,"column":72}},"line":25}},"branchMap":{"0":{"loc":{"start":{"line":11,"column":13},"end":{"line":11,"column":37}},"type":"binary-expr","locations":[{"start":{"line":11,"column":13},"end":{"line":11,"column":29}},{"start":{"line":11,"column":33},"end":{"line":11,"column":37}}],"line":11}},"s":{"0":0,"1":0,"2":0,"3":0,"4":0,"5":0,"6":0,"7":0,"8":0,"9":0,"10":0,"11":0,"12":0,"13":0,"14":0,"15":0,"16":0,"17":0,"18":0,"19":0,"20":0,"21":0,"22":0},"f":{"0":0,"1":0},"b":{"0":[0,0]}}
,"/home/daniel/CS342/Group-Project/Formula-1-Data-1/packages/server/models/Driver.js": {"path":"/home/daniel/CS342/Group-Project/Formula-1-Data-1/packages/server/models/Driver.js","statementMap":{"0":{"start":{"line":1,"column":17},"end":{"line":1,"column":36}},"1":{"start":{"line":3,"column":21},"end":{"line":17,"column":1}},"2":{"start":{"line":19,"column":0},"end":{"line":19,"column":56}}},"fnMap":{},"branchMap":{},"s":{"0":1,"1":1,"2":1},"f":{},"b":{},"_coverageSchema":"1a1c01bbd47fc00a2c39e90264f33305004495a9","hash":"131f7081214a1cdf60f6e4ef589e693ae198b503"}
,"/home/daniel/CS342/Group-Project/Formula-1-Data-1/packages/server/models/Lap.js": {"path":"/home/daniel/CS342/Group-Project/Formula-1-Data-1/packages/server/models/Lap.js","statementMap":{"0":{"start":{"line":1,"column":17},"end":{"line":1,"column":36}},"1":{"start":{"line":3,"column":18},"end":{"line":15,"column":1}},"2":{"start":{"line":17,"column":0},"end":{"line":17,"column":50}}},"fnMap":{},"branchMap":{},"s":{"0":1,"1":1,"2":1},"f":{},"b":{},"_coverageSchema":"1a1c01bbd47fc00a2c39e90264f33305004495a9","hash":"7864dbac4843a11b621281d4c6559239d256e7e6"}
,"/home/daniel/CS342/Group-Project/Formula-1-Data-1/packages/server/models/Race.js": {"path":"/home/daniel/CS342/Group-Project/Formula-1-Data-1/packages/server/models/Race.js","statementMap":{"0":{"start":{"line":1,"column":17},"end":{"line":1,"column":36}},"1":{"start":{"line":3,"column":19},"end":{"line":17,"column":1}},"2":{"start":{"line":19,"column":0},"end":{"line":19,"column":52}}},"fnMap":{},"branchMap":{},"s":{"0":1,"1":1,"2":1},"f":{},"b":{},"_coverageSchema":"1a1c01bbd47fc00a2c39e90264f33305004495a9","hash":"d81ffbb6b2f9637def44dfa9b2009237876d55db"}
,"/home/daniel/CS342/Group-Project/Formula-1-Data-1/packages/server/models/Team.js": {"path":"/home/daniel/CS342/Group-Project/Formula-1-Data-1/packages/server/models/Team.js","statementMap":{"0":{"start":{"line":1,"column":17},"end":{"line":1,"column":36}},"1":{"start":{"line":3,"column":19},"end":{"line":18,"column":1}},"2":{"start":{"line":20,"column":0},"end":{"line":20,"column":52}}},"fnMap":{},"branchMap":{},"s":{"0":1,"1":1,"2":1},"f":{},"b":{},"_coverageSchema":"1a1c01bbd47fc00a2c39e90264f33305004495a9","hash":"8f22b32b2e321bd3ab754a7f1442e8de8b60e890"}
,"/home/daniel/CS342/Group-Project/Formula-1-Data-1/packages/server/models/User.js": {"path":"/home/daniel/CS342/Group-Project/Formula-1-Data-1/packages/server/models/User.js","statementMap":{"0":{"start":{"line":1,"column":17},"end":{"line":1,"column":36}},"1":{"start":{"line":3,"column":19},"end":{"line":32,"column":1}},"2":{"start":{"line":34,"column":0},"end":{"line":34,"column":52}}},"fnMap":{},"branchMap":{},"s":{"0":1,"1":1,"2":1},"f":{},"b":{},"_coverageSchema":"1a1c01bbd47fc00a2c39e90264f33305004495a9","hash":"129b81ac6baa8dede860e380f7da541f73ad451b"}
,"/home/daniel/CS342/Group-Project/Formula-1-Data-1/packages/server/routes/authRoutes.js": {"path":"/home/daniel/CS342/Group-Project/Formula-1-Data-1/packages/server/routes/authRoutes.js","statementMap":{"0":{"start":{"line":1,"column":16},"end":{"line":1,"column":34}},"1":{"start":{"line":2,"column":15},"end":{"line":2,"column":34}},"2":{"start":{"line":3,"column":12},"end":{"line":3,"column":35}},"3":{"start":{"line":4,"column":15},"end":{"line":4,"column":31}},"4":{"start":{"line":6,"column":13},"end":{"line":6,"column":38}},"5":{"start":{"line":8,"column":0},"end":{"line":36,"column":3}},"6":{"start":{"line":9,"column":2},"end":{"line":35,"column":3}},"7":{"start":{"line":10,"column":32},"end":{"line":10,"column":40}},"8":{"start":{"line":12,"column":4},"end":{"line":16,"column":5}},"9":{"start":{"line":13,"column":6},"end":{"line":15,"column":63}},"10":{"start":{"line":18,"column":25},"end":{"line":18,"column":54}},"11":{"start":{"line":19,"column":4},"end":{"line":21,"column":5}},"12":{"start":{"line":20,"column":6},"end":{"line":20,"column":71}},"13":{"start":{"line":23,"column":27},"end":{"line":23,"column":58}},"14":{"start":{"line":24,"column":20},"end":{"line":27,"column":6}},"15":{"start":{"line":29,"column":4},"end":{"line":29,"column":25}},"16":{"start":{"line":31,"column":4},"end":{"line":31,"column":71}},"17":{"start":{"line":33,"column":4},"end":{"line":33,"column":44}},"18":{"start":{"line":34,"column":4},"end":{"line":34,"column":75}},"19":{"start":{"line":38,"column":0},"end":{"line":76,"column":3}},"20":{"start":{"line":39,"column":2},"end":{"line":75,"column":3}},"21":{"start":{"line":40,"column":32},"end":{"line":40,"column":40}},"22":{"start":{"line":42,"column":4},"end":{"line":46,"column":5}},"23":{"start":{"line":43,"column":6},"end":{"line":45,"column":63}},"24":{"start":{"line":48,"column":17},"end":{"line":48,"column":46}},"25":{"start":{"line":49,"column":4},"end":{"line":51,"column":5}},"26":{"start":{"line":50,"column":6},"end":{"line":50,"column":71}},"27":{"start":{"line":53,"column":20},"end":{"line":53,"column":59}},"28":{"start":{"line":54,"column":4},"end":{"line":56,"column":5}},"29":{"start":{"line":55,"column":6},"end":{"line":55,"column":71}},"30":{"start":{"line":58,"column":20},"end":{"line":61,"column":5}},"31":{"start":{"line":63,"column":18},"end":{"line":65,"column":6}},"32":{"start":{"line":67,"column":4},"end":{"line":71,"column":7}},"33":{"start":{"line":73,"column":4},"end":{"line":73,"column":41}},"34":{"start":{"line":74,"column":4},"end":{"line":74,"column":68}},"35":{"start":{"line":78,"column":0},"end":{"line":80,"column":3}},"36":{"start":{"line":79,"column":2},"end":{"line":79,"column":51}},"37":{"start":{"line":82,"column":0},"end":{"line":82,"column":24}}},"fnMap":{"0":{"name":"(anonymous_0)","decl":{"start":{"line":8,"column":25},"end":{"line":8,"column":26}},"loc":{"start":{"line":8,"column":45},"end":{"line":36,"column":1}},"line":8},"1":{"name":"(anonymous_1)","decl":{"start":{"line":38,"column":22},"end":{"line":38,"column":23}},"loc":{"start":{"line":38,"column":42},"end":{"line":76,"column":1}},"line":38},"2":{"name":"(anonymous_2)","decl":{"start":{"line":78,"column":23},"end":{"line":78,"column":24}},"loc":{"start":{"line":78,"column":37},"end":{"line":80,"column":1}},"line":78}},"branchMap":{"0":{"loc":{"start":{"line":12,"column":4},"end":{"line":16,"column":5}},"type":"if","locations":[{"start":{"line":12,"column":4},"end":{"line":16,"column":5}},{"start":{},"end":{}}],"line":12},"1":{"loc":{"start":{"line":12,"column":8},"end":{"line":12,"column":27}},"type":"binary-expr","locations":[{"start":{"line":12,"column":8},"end":{"line":12,"column":14}},{"start":{"line":12,"column":18},"end":{"line":12,"column":27}}],"line":12},"2":{"loc":{"start":{"line":19,"column":4},"end":{"line":21,"column":5}},"type":"if","locations":[{"start":{"line":19,"column":4},"end":{"line":21,"column":5}},{"start":{},"end":{}}],"line":19},"3":{"loc":{"start":{"line":42,"column":4},"end":{"line":46,"column":5}},"type":"if","locations":[{"start":{"line":42,"column":4},"end":{"line":46,"column":5}},{"start":{},"end":{}}],"line":42},"4":{"loc":{"start":{"line":42,"column":8},"end":{"line":42,"column":27}},"type":"binary-expr","locations":[{"start":{"line":42,"column":8},"end":{"line":42,"column":14}},{"start":{"line":42,"column":18},"end":{"line":42,"column":27}}],"line":42},"5":{"loc":{"start":{"line":49,"column":4},"end":{"line":51,"column":5}},"type":"if","locations":[{"start":{"line":49,"column":4},"end":{"line":51,"column":5}},{"start":{},"end":{}}],"line":49},"6":{"loc":{"start":{"line":54,"column":4},"end":{"line":56,"column":5}},"type":"if","locations":[{"start":{"line":54,"column":4},"end":{"line":56,"column":5}},{"start":{},"end":{}}],"line":54}},"s":{"0":1,"1":1,"2":1,"3":1,"4":1,"5":1,"6":3,"7":3,"8":3,"9":0,"10":3,"11":0,"12":0,"13":0,"14":0,"15":0,"16":0,"17":2,"18":2,"19":1,"20":1,"21":1,"22":1,"23":0,"24":1,"25":0,"26":0,"27":0,"28":0,"29":0,"30":0,"31":0,"32":0,"33":1,"34":1,"35":1,"36":1,"37":1},"f":{"0":3,"1":1,"2":1},"b":{"0":[0,3],"1":[3,3],"2":[0,0],"3":[0,1],"4":[1,1],"5":[0,0],"6":[0,0]},"_coverageSchema":"1a1c01bbd47fc00a2c39e90264f33305004495a9","hash":"8e998a0a3c57b793d932649cae512788a1bc805c"}
,"/home/daniel/CS342/Group-Project/Formula-1-Data-1/packages/server/routes/dataRoutes.js": {"path":"/home/daniel/CS342/Group-Project/Formula-1-Data-1/packages/server/routes/dataRoutes.js","statementMap":{"0":{"start":{"line":1,"column":16},"end":{"line":1,"column":34}},"1":{"start":{"line":2,"column":15},"end":{"line":2,"column":31}},"2":{"start":{"line":4,"column":15},"end":{"line":4,"column":42}},"3":{"start":{"line":5,"column":13},"end":{"line":5,"column":38}},"4":{"start":{"line":6,"column":13},"end":{"line":6,"column":38}},"5":{"start":{"line":7,"column":12},"end":{"line":7,"column":36}},"6":{"start":{"line":9,"column":0},"end":{"line":12,"column":3}},"7":{"start":{"line":10,"column":2},"end":{"line":10,"column":29}},"8":{"start":{"line":11,"column":2},"end":{"line":11,"column":17}},"9":{"start":{"line":14,"column":0},"end":{"line":17,"column":3}},"10":{"start":{"line":15,"column":2},"end":{"line":15,"column":47}},"11":{"start":{"line":16,"column":2},"end":{"line":16,"column":17}},"12":{"start":{"line":19,"column":0},"end":{"line":23,"column":3}},"13":{"start":{"line":20,"column":17},"end":{"line":20,"column":28}},"14":{"start":{"line":21,"column":2},"end":{"line":21,"column":46}},"15":{"start":{"line":22,"column":2},"end":{"line":22,"column":17}},"16":{"start":{"line":25,"column":0},"end":{"line":28,"column":3}},"17":{"start":{"line":26,"column":2},"end":{"line":26,"column":27}},"18":{"start":{"line":27,"column":2},"end":{"line":27,"column":17}},"19":{"start":{"line":30,"column":0},"end":{"line":34,"column":3}},"20":{"start":{"line":31,"column":17},"end":{"line":31,"column":28}},"21":{"start":{"line":32,"column":2},"end":{"line":32,"column":44}},"22":{"start":{"line":33,"column":2},"end":{"line":33,"column":17}},"23":{"start":{"line":36,"column":0},"end":{"line":39,"column":3}},"24":{"start":{"line":37,"column":2},"end":{"line":37,"column":27}},"25":{"start":{"line":38,"column":2},"end":{"line":38,"column":17}},"26":{"start":{"line":41,"column":0},"end":{"line":44,"column":3}},"27":{"start":{"line":42,"column":2},"end":{"line":42,"column":55}},"28":{"start":{"line":43,"column":2},"end":{"line":43,"column":17}},"29":{"start":{"line":46,"column":0},"end":{"line":50,"column":3}},"30":{"start":{"line":47,"column":17},"end":{"line":47,"column":28}},"31":{"start":{"line":48,"column":2},"end":{"line":48,"column":44}},"32":{"start":{"line":49,"column":2},"end":{"line":49,"column":17}},"33":{"start":{"line":52,"column":0},"end":{"line":57,"column":3}},"34":{"start":{"line":53,"column":19},"end":{"line":53,"column":36}},"35":{"start":{"line":54,"column":17},"end":{"line":54,"column":32}},"36":{"start":{"line":55,"column":2},"end":{"line":55,"column":64}},"37":{"start":{"line":56,"column":2},"end":{"line":56,"column":17}},"38":{"start":{"line":59,"column":0},"end":{"line":59,"column":24}}},"fnMap":{"0":{"name":"(anonymous_0)","decl":{"start":{"line":9,"column":23},"end":{"line":9,"column":24}},"loc":{"start":{"line":9,"column":43},"end":{"line":12,"column":1}},"line":9},"1":{"name":"(anonymous_1)","decl":{"start":{"line":14,"column":30},"end":{"line":14,"column":31}},"loc":{"start":{"line":14,"column":50},"end":{"line":17,"column":1}},"line":14},"2":{"name":"(anonymous_2)","decl":{"start":{"line":19,"column":29},"end":{"line":19,"column":30}},"loc":{"start":{"line":19,"column":49},"end":{"line":23,"column":1}},"line":19},"3":{"name":"(anonymous_3)","decl":{"start":{"line":25,"column":21},"end":{"line":25,"column":22}},"loc":{"start":{"line":25,"column":41},"end":{"line":28,"column":1}},"line":25},"4":{"name":"(anonymous_4)","decl":{"start":{"line":30,"column":27},"end":{"line":30,"column":28}},"loc":{"start":{"line":30,"column":47},"end":{"line":34,"column":1}},"line":30},"5":{"name":"(anonymous_5)","decl":{"start":{"line":36,"column":21},"end":{"line":36,"column":22}},"loc":{"start":{"line":36,"column":41},"end":{"line":39,"column":1}},"line":36},"6":{"name":"(anonymous_6)","decl":{"start":{"line":41,"column":28},"end":{"line":41,"column":29}},"loc":{"start":{"line":41,"column":48},"end":{"line":44,"column":1}},"line":41},"7":{"name":"(anonymous_7)","decl":{"start":{"line":46,"column":27},"end":{"line":46,"column":28}},"loc":{"start":{"line":46,"column":47},"end":{"line":50,"column":1}},"line":46},"8":{"name":"(anonymous_8)","decl":{"start":{"line":52,"column":25},"end":{"line":52,"column":26}},"loc":{"start":{"line":52,"column":45},"end":{"line":57,"column":1}},"line":52}},"branchMap":{},"s":{"0":1,"1":1,"2":1,"3":1,"4":1,"5":1,"6":1,"7":1,"8":0,"9":1,"10":1,"11":0,"12":1,"13":1,"14":1,"15":0,"16":1,"17":1,"18":0,"19":1,"20":1,"21":1,"22":0,"23":1,"24":1,"25":0,"26":1,"27":1,"28":0,"29":1,"30":1,"31":1,"32":0,"33":1,"34":1,"35":1,"36":1,"37":0,"38":1},"f":{"0":1,"1":1,"2":1,"3":1,"4":1,"5":1,"6":1,"7":1,"8":1},"b":{},"_coverageSchema":"1a1c01bbd47fc00a2c39e90264f33305004495a9","hash":"e2057daf58beb732a7bf1d58696384f0729c17cb"}
,"/home/daniel/CS342/Group-Project/Formula-1-Data-1/packages/server/routes/favoriteRoutes.js": {"path":"/home/daniel/CS342/Group-Project/Formula-1-Data-1/packages/server/routes/favoriteRoutes.js","statementMap":{"0":{"start":{"line":1,"column":16},"end":{"line":1,"column":34}},"1":{"start":{"line":2,"column":15},"end":{"line":2,"column":31}},"2":{"start":{"line":3,"column":12},"end":{"line":3,"column":35}},"3":{"start":{"line":5,"column":13},"end":{"line":5,"column":38}},"4":{"start":{"line":7,"column":21},"end":{"line":20,"column":1}},"5":{"start":{"line":8,"column":16},"end":{"line":8,"column":56}},"6":{"start":{"line":9,"column":2},"end":{"line":11,"column":3}},"7":{"start":{"line":10,"column":4},"end":{"line":10,"column":66}},"8":{"start":{"line":12,"column":2},"end":{"line":19,"column":3}},"9":{"start":{"line":13,"column":20},"end":{"line":13,"column":61}},"10":{"start":{"line":14,"column":4},"end":{"line":14,"column":23}},"11":{"start":{"line":15,"column":4},"end":{"line":15,"column":11}},"12":{"start":{"line":17,"column":4},"end":{"line":17,"column":54}},"13":{"start":{"line":18,"column":4},"end":{"line":18,"column":55}},"14":{"start":{"line":22,"column":0},"end":{"line":40,"column":3}},"15":{"start":{"line":23,"column":2},"end":{"line":39,"column":3}},"16":{"start":{"line":24,"column":17},"end":{"line":27,"column":32}},"17":{"start":{"line":29,"column":4},"end":{"line":29,"column":74}},"18":{"start":{"line":29,"column":15},"end":{"line":29,"column":74}},"19":{"start":{"line":31,"column":4},"end":{"line":35,"column":7}},"20":{"start":{"line":37,"column":4},"end":{"line":37,"column":25}},"21":{"start":{"line":38,"column":4},"end":{"line":38,"column":54}},"22":{"start":{"line":42,"column":0},"end":{"line":82,"column":3}},"23":{"start":{"line":43,"column":19},"end":{"line":43,"column":29}},"24":{"start":{"line":44,"column":19},"end":{"line":44,"column":27}},"25":{"start":{"line":46,"column":2},"end":{"line":46,"column":46}},"26":{"start":{"line":47,"column":21},"end":{"line":47,"column":50}},"27":{"start":{"line":48,"column":2},"end":{"line":50,"column":3}},"28":{"start":{"line":49,"column":4},"end":{"line":49,"column":70}},"29":{"start":{"line":52,"column":2},"end":{"line":81,"column":3}},"30":{"start":{"line":53,"column":17},"end":{"line":53,"column":49}},"31":{"start":{"line":54,"column":4},"end":{"line":54,"column":74}},"32":{"start":{"line":54,"column":15},"end":{"line":54,"column":74}},"33":{"start":{"line":56,"column":21},"end":{"line":60,"column":5}},"34":{"start":{"line":62,"column":27},"end":{"line":62,"column":41}},"35":{"start":{"line":64,"column":4},"end":{"line":69,"column":5}},"36":{"start":{"line":65,"column":6},"end":{"line":68,"column":9}},"37":{"start":{"line":71,"column":4},"end":{"line":71,"column":36}},"38":{"start":{"line":72,"column":4},"end":{"line":72,"column":22}},"39":{"start":{"line":74,"column":4},"end":{"line":77,"column":7}},"40":{"start":{"line":79,"column":4},"end":{"line":79,"column":25}},"41":{"start":{"line":80,"column":4},"end":{"line":80,"column":54}},"42":{"start":{"line":84,"column":0},"end":{"line":120,"column":3}},"43":{"start":{"line":85,"column":25},"end":{"line":85,"column":35}},"44":{"start":{"line":87,"column":21},"end":{"line":87,"column":50}},"45":{"start":{"line":88,"column":2},"end":{"line":90,"column":3}},"46":{"start":{"line":89,"column":4},"end":{"line":89,"column":70}},"47":{"start":{"line":92,"column":2},"end":{"line":119,"column":3}},"48":{"start":{"line":93,"column":17},"end":{"line":93,"column":49}},"49":{"start":{"line":94,"column":4},"end":{"line":94,"column":74}},"50":{"start":{"line":94,"column":15},"end":{"line":94,"column":74}},"51":{"start":{"line":96,"column":21},"end":{"line":100,"column":5}},"52":{"start":{"line":102,"column":27},"end":{"line":102,"column":41}},"53":{"start":{"line":104,"column":18},"end":{"line":104,"column":52}},"54":{"start":{"line":105,"column":4},"end":{"line":107,"column":5}},"55":{"start":{"line":106,"column":6},"end":{"line":106,"column":78}},"56":{"start":{"line":109,"column":4},"end":{"line":109,"column":42}},"57":{"start":{"line":110,"column":4},"end":{"line":110,"column":22}},"58":{"start":{"line":112,"column":4},"end":{"line":115,"column":7}},"59":{"start":{"line":117,"column":4},"end":{"line":117,"column":25}},"60":{"start":{"line":118,"column":4},"end":{"line":118,"column":54}},"61":{"start":{"line":122,"column":0},"end":{"line":122,"column":24}}},"fnMap":{"0":{"name":"(anonymous_0)","decl":{"start":{"line":7,"column":21},"end":{"line":7,"column":22}},"loc":{"start":{"line":7,"column":47},"end":{"line":20,"column":1}},"line":7},"1":{"name":"(anonymous_1)","decl":{"start":{"line":22,"column":33},"end":{"line":22,"column":34}},"loc":{"start":{"line":22,"column":53},"end":{"line":40,"column":1}},"line":22},"2":{"name":"(anonymous_2)","decl":{"start":{"line":42,"column":40},"end":{"line":42,"column":41}},"loc":{"start":{"line":42,"column":60},"end":{"line":82,"column":1}},"line":42},"3":{"name":"(anonymous_3)","decl":{"start":{"line":84,"column":51},"end":{"line":84,"column":52}},"loc":{"start":{"line":84,"column":71},"end":{"line":120,"column":1}},"line":84}},"branchMap":{"0":{"loc":{"start":{"line":9,"column":2},"end":{"line":11,"column":3}},"type":"if","locations":[{"start":{"line":9,"column":2},"end":{"line":11,"column":3}},{"start":{},"end":{}}],"line":9},"1":{"loc":{"start":{"line":29,"column":4},"end":{"line":29,"column":74}},"type":"if","locations":[{"start":{"line":29,"column":4},"end":{"line":29,"column":74}},{"start":{},"end":{}}],"line":29},"2":{"loc":{"start":{"line":48,"column":2},"end":{"line":50,"column":3}},"type":"if","locations":[{"start":{"line":48,"column":2},"end":{"line":50,"column":3}},{"start":{},"end":{}}],"line":48},"3":{"loc":{"start":{"line":54,"column":4},"end":{"line":54,"column":74}},"type":"if","locations":[{"start":{"line":54,"column":4},"end":{"line":54,"column":74}},{"start":{},"end":{}}],"line":54},"4":{"loc":{"start":{"line":64,"column":4},"end":{"line":69,"column":5}},"type":"if","locations":[{"start":{"line":64,"column":4},"end":{"line":69,"column":5}},{"start":{},"end":{}}],"line":64},"5":{"loc":{"start":{"line":88,"column":2},"end":{"line":90,"column":3}},"type":"if","locations":[{"start":{"line":88,"column":2},"end":{"line":90,"column":3}},{"start":{},"end":{}}],"line":88},"6":{"loc":{"start":{"line":94,"column":4},"end":{"line":94,"column":74}},"type":"if","locations":[{"start":{"line":94,"column":4},"end":{"line":94,"column":74}},{"start":{},"end":{}}],"line":94},"7":{"loc":{"start":{"line":105,"column":4},"end":{"line":107,"column":5}},"type":"if","locations":[{"start":{"line":105,"column":4},"end":{"line":107,"column":5}},{"start":{},"end":{}}],"line":105}},"s":{"0":1,"1":1,"2":1,"3":1,"4":1,"5":6,"6":6,"7":0,"8":6,"9":6,"10":6,"11":6,"12":0,"13":0,"14":1,"15":2,"16":2,"17":0,"18":0,"19":0,"20":2,"21":2,"22":1,"23":2,"24":2,"25":2,"26":2,"27":2,"28":1,"29":1,"30":1,"31":1,"32":0,"33":1,"34":1,"35":1,"36":0,"37":1,"38":1,"39":1,"40":0,"41":0,"42":1,"43":2,"44":2,"45":2,"46":0,"47":2,"48":2,"49":2,"50":0,"51":2,"52":2,"53":2,"54":2,"55":1,"56":1,"57":1,"58":1,"59":0,"60":0,"61":1},"f":{"0":6,"1":2,"2":2,"3":2},"b":{"0":[0,6],"1":[0,0],"2":[1,1],"3":[0,1],"4":[0,1],"5":[0,2],"6":[0,2],"7":[1,1]},"_coverageSchema":"1a1c01bbd47fc00a2c39e90264f33305004495a9","hash":"d983b88db6fceaa0fd3eaeeb2738b2ccb03bbec0"}
}
