TN:
SF:packages/server/server.js
FN:21,(anonymous_0)
FN:25,(anonymous_1)
FNF:2
FNH:0
FNDA:0,(anonymous_0)
FNDA:0,(anonymous_1)
DA:1,0
DA:2,0
DA:3,0
DA:4,0
DA:6,0
DA:8,0
DA:9,0
DA:11,0
DA:13,0
DA:14,0
DA:15,0
DA:17,0
DA:18,0
DA:19,0
DA:21,0
DA:22,0
DA:23,0
DA:24,0
DA:25,0
DA:27,0
DA:28,0
DA:32,0
LF:22
LH:0
BRDA:11,0,0,0
BRDA:11,0,1,0
BRF:2
BRH:0
end_of_record
TN:
SF:packages/server/models/Driver.js
FNF:0
FNH:0
DA:1,1
DA:3,1
DA:19,1
LF:3
LH:3
BRF:0
BRH:0
end_of_record
TN:
SF:packages/server/models/Lap.js
FNF:0
FNH:0
DA:1,1
DA:3,1
DA:17,1
LF:3
LH:3
BRF:0
BRH:0
end_of_record
TN:
SF:packages/server/models/Race.js
FNF:0
FNH:0
DA:1,1
DA:3,1
DA:19,1
LF:3
LH:3
BRF:0
BRH:0
end_of_record
TN:
SF:packages/server/models/Team.js
FNF:0
FNH:0
DA:1,1
DA:3,1
DA:20,1
LF:3
LH:3
BRF:0
BRH:0
end_of_record
TN:
SF:packages/server/models/User.js
FNF:0
FNH:0
DA:1,1
DA:3,1
DA:34,1
LF:3
LH:3
BRF:0
BRH:0
end_of_record
TN:
SF:packages/server/routes/authRoutes.js
FN:8,(anonymous_0)
FN:38,(anonymous_1)
FN:78,(anonymous_2)
FNF:3
FNH:3
FNDA:3,(anonymous_0)
FNDA:1,(anonymous_1)
FNDA:1,(anonymous_2)
DA:1,1
DA:2,1
DA:3,1
DA:4,1
DA:6,1
DA:8,1
DA:9,3
DA:10,3
DA:12,3
DA:13,0
DA:18,3
DA:19,0
DA:20,0
DA:23,0
DA:24,0
DA:29,0
DA:31,0
DA:33,2
DA:34,2
DA:38,1
DA:39,1
DA:40,1
DA:42,1
DA:43,0
DA:48,1
DA:49,0
DA:50,0
DA:53,0
DA:54,0
DA:55,0
DA:58,0
DA:63,0
DA:67,0
DA:73,1
DA:74,1
DA:78,1
DA:79,1
DA:82,1
LF:38
LH:22
BRDA:12,0,0,0
BRDA:12,0,1,3
BRDA:12,1,0,3
BRDA:12,1,1,3
BRDA:19,2,0,0
BRDA:19,2,1,0
BRDA:42,3,0,0
BRDA:42,3,1,1
BRDA:42,4,0,1
BRDA:42,4,1,1
BRDA:49,5,0,0
BRDA:49,5,1,0
BRDA:54,6,0,0
BRDA:54,6,1,0
BRF:14
BRH:6
end_of_record
TN:
SF:packages/server/routes/dataRoutes.js
FN:9,(anonymous_0)
FN:14,(anonymous_1)
FN:19,(anonymous_2)
FN:25,(anonymous_3)
FN:30,(anonymous_4)
FN:36,(anonymous_5)
FN:41,(anonymous_6)
FN:46,(anonymous_7)
FN:52,(anonymous_8)
FNF:9
FNH:9
FNDA:1,(anonymous_0)
FNDA:1,(anonymous_1)
FNDA:1,(anonymous_2)
FNDA:1,(anonymous_3)
FNDA:1,(anonymous_4)
FNDA:1,(anonymous_5)
FNDA:1,(anonymous_6)
FNDA:1,(anonymous_7)
FNDA:1,(anonymous_8)
DA:1,1
DA:2,1
DA:4,1
DA:5,1
DA:6,1
DA:7,1
DA:9,1
DA:10,1
DA:11,0
DA:14,1
DA:15,1
DA:16,0
DA:19,1
DA:20,1
DA:21,1
DA:22,0
DA:25,1
DA:26,1
DA:27,0
DA:30,1
DA:31,1
DA:32,1
DA:33,0
DA:36,1
DA:37,1
DA:38,0
DA:41,1
DA:42,1
DA:43,0
DA:46,1
DA:47,1
DA:48,1
DA:49,0
DA:52,1
DA:53,1
DA:54,1
DA:55,1
DA:56,0
DA:59,1
LF:39
LH:30
BRF:0
BRH:0
end_of_record
TN:
SF:packages/server/routes/favoriteRoutes.js
FN:7,(anonymous_0)
FN:22,(anonymous_1)
FN:42,(anonymous_2)
FN:84,(anonymous_3)
FNF:4
FNH:4
FNDA:6,(anonymous_0)
FNDA:2,(anonymous_1)
FNDA:2,(anonymous_2)
FNDA:2,(anonymous_3)
DA:1,1
DA:2,1
DA:3,1
DA:5,1
DA:7,1
DA:8,6
DA:9,6
DA:10,0
DA:12,6
DA:13,6
DA:14,6
DA:15,6
DA:17,0
DA:18,0
DA:22,1
DA:23,2
DA:24,2
DA:29,0
DA:31,0
DA:37,2
DA:38,2
DA:42,1
DA:43,2
DA:44,2
DA:46,2
DA:47,2
DA:48,2
DA:49,1
DA:52,1
DA:53,1
DA:54,1
DA:56,1
DA:62,1
DA:64,1
DA:65,0
DA:71,1
DA:72,1
DA:74,1
DA:79,0
DA:80,0
DA:84,1
DA:85,2
DA:87,2
DA:88,2
DA:89,0
DA:92,2
DA:93,2
DA:94,2
DA:96,2
DA:102,2
DA:104,2
DA:105,2
DA:106,1
DA:109,1
DA:110,1
DA:112,1
DA:117,0
DA:118,0
DA:122,1
LF:59
LH:48
BRDA:9,0,0,0
BRDA:9,0,1,6
BRDA:29,1,0,0
BRDA:29,1,1,0
BRDA:48,2,0,1
BRDA:48,2,1,1
BRDA:54,3,0,0
BRDA:54,3,1,1
BRDA:64,4,0,0
BRDA:64,4,1,1
BRDA:88,5,0,0
BRDA:88,5,1,2
BRDA:94,6,0,0
BRDA:94,6,1,2
BRDA:105,7,0,1
BRDA:105,7,1,1
BRF:16
BRH:9
end_of_record
